# JRE version: OpenJDK Runtime Environment (17.0.6) (build 17.0.6+0-b2043.56-10027231)
# Java VM: OpenJDK 64-Bit Server VM (17.0.6+0-b2043.56-10027231, mixed mode, tiered, compressed oops, compressed class ptrs, g1 gc, windows-amd64)
GC Precious Log:
 CPUs: 16 total, 16 available
 Memory: 15709M
 Large Page Support: Disabled
 NUMA Support: Disabled
 Compressed Oops: Enabled (32-bit)
 Heap Region Size: 1M
 Heap Min Capacity: 8M
 Heap Initial Capacity: 246M
 Heap Max Capacity: 2G
 Pre-touch: Disabled
 Parallel Workers: 13
 Concurrent Workers: 3
 Concurrent Refinement Workers: 13
 Periodic GC: Disabled
Heap:
 garbage-first heap   total 83968K, used 54847K [0x0000000080000000, 0x0000000100000000)
  region size 1024K, 26 young (26624K), 2 survivors (2048K)
 Metaspace       used 48168K, committed 48576K, reserved 1097728K
  class space    used 6364K, committed 6528K, reserved 1048576K
GC Heap History (20 events):
Event: 0.719 GC heap before
{Heap before GC invocations=0 (full 0):
 garbage-first heap   total 251904K, used 26624K [0x0000000080000000, 0x0000000100000000)
  region size 1024K, 23 young (23552K), 0 survivors (0K)
 Metaspace       used 10284K, committed 10432K, reserved 1064960K
  class space    used 1061K, committed 1152K, reserved 1048576K
}
Event: 0.725 GC heap after
{Heap after GC invocations=1 (full 0):
 garbage-first heap   total 251904K, used 10059K [0x0000000080000000, 0x0000000100000000)
  region size 1024K, 3 young (3072K), 3 survivors (3072K)
 Metaspace       used 10284K, committed 10432K, reserved 1064960K
  class space    used 1061K, committed 1152K, reserved 1048576K
}
Event: 1.162 GC heap before
{Heap before GC invocations=1 (full 0):
 garbage-first heap   total 251904K, used 40779K [0x0000000080000000, 0x0000000100000000)
  region size 1024K, 32 young (32768K), 3 survivors (3072K)
 Metaspace       used 11266K, committed 11520K, reserved 1064960K
  class space    used 1164K, committed 1280K, reserved 1048576K
}
Event: 1.167 GC heap after
{Heap after GC invocations=2 (full 0):
 garbage-first heap   total 251904K, used 14323K [0x0000000080000000, 0x0000000100000000)
  region size 1024K, 4 young (4096K), 4 survivors (4096K)
 Metaspace       used 11266K, committed 11520K, reserved 1064960K
  class space    used 1164K, committed 1280K, reserved 1048576K
}
Event: 2.439 GC heap before
{Heap before GC invocations=2 (full 0):
 garbage-first heap   total 251904K, used 54259K [0x0000000080000000, 0x0000000100000000)
  region size 1024K, 44 young (45056K), 4 survivors (4096K)
 Metaspace       used 21216K, committed 21504K, reserved 1073152K
  class space    used 2562K, committed 2752K, reserved 1048576K
}
Event: 2.447 GC heap after
{Heap after GC invocations=3 (full 0):
 garbage-first heap   total 251904K, used 18624K [0x0000000080000000, 0x0000000100000000)
  region size 1024K, 8 young (8192K), 8 survivors (8192K)
 Metaspace       used 21216K, committed 21504K, reserved 1073152K
  class space    used 2562K, committed 2752K, reserved 1048576K
}
Event: 3.970 GC heap before
{Heap before GC invocations=4 (full 0):
 garbage-first heap   total 68608K, used 50368K [0x0000000080000000, 0x0000000100000000)
  region size 1024K, 40 young (40960K), 8 survivors (8192K)
 Metaspace       used 26191K, committed 26496K, reserved 1073152K
  class space    used 3422K, committed 3584K, reserved 1048576K
}
Event: 4.007 GC heap after
{Heap after GC invocations=5 (full 0):
 garbage-first heap   total 68608K, used 20890K [0x0000000080000000, 0x0000000100000000)
  region size 1024K, 3 young (3072K), 3 survivors (3072K)
 Metaspace       used 26191K, committed 26496K, reserved 1073152K
  class space    used 3422K, committed 3584K, reserved 1048576K
}
Event: 4.929 GC heap before
{Heap before GC invocations=5 (full 0):
 garbage-first heap   total 68608K, used 46490K [0x0000000080000000, 0x0000000100000000)
  region size 1024K, 29 young (29696K), 3 survivors (3072K)
 Metaspace       used 30350K, committed 30656K, reserved 1081344K
  class space    used 4100K, committed 4224K, reserved 1048576K
}
Event: 4.932 GC heap after
{Heap after GC invocations=6 (full 0):
 garbage-first heap   total 68608K, used 22221K [0x0000000080000000, 0x0000000100000000)
  region size 1024K, 4 young (4096K), 4 survivors (4096K)
 Metaspace       used 30350K, committed 30656K, reserved 1081344K
  class space    used 4100K, committed 4224K, reserved 1048576K
}
Event: 5.993 GC heap before
{Heap before GC invocations=6 (full 0):
 garbage-first heap   total 68608K, used 48845K [0x0000000080000000, 0x0000000100000000)
  region size 1024K, 30 young (30720K), 4 survivors (4096K)
 Metaspace       used 34815K, committed 35200K, reserved 1081344K
  class space    used 4792K, committed 4992K, reserved 1048576K
}
Event: 5.998 GC heap after
{Heap after GC invocations=7 (full 0):
 garbage-first heap   total 68608K, used 23805K [0x0000000080000000, 0x0000000100000000)
  region size 1024K, 4 young (4096K), 4 survivors (4096K)
 Metaspace       used 34815K, committed 35200K, reserved 1081344K
  class space    used 4792K, committed 4992K, reserved 1048576K
}
Event: 6.194 GC heap before
{Heap before GC invocations=7 (full 0):
 garbage-first heap   total 68608K, used 26877K [0x0000000080000000, 0x0000000100000000)
  region size 1024K, 9 young (9216K), 4 survivors (4096K)
 Metaspace       used 35615K, committed 35968K, reserved 1081344K
  class space    used 4873K, committed 5056K, reserved 1048576K
}
Event: 6.197 GC heap after
{Heap after GC invocations=8 (full 0):
 garbage-first heap   total 68608K, used 24885K [0x0000000080000000, 0x0000000100000000)
  region size 1024K, 3 young (3072K), 3 survivors (3072K)
 Metaspace       used 35615K, committed 35968K, reserved 1081344K
  class space    used 4873K, committed 5056K, reserved 1048576K
}
Event: 6.797 GC heap before
{Heap before GC invocations=9 (full 0):
 garbage-first heap   total 68608K, used 48437K [0x0000000080000000, 0x0000000100000000)
  region size 1024K, 27 young (27648K), 3 survivors (3072K)
 Metaspace       used 40595K, committed 40896K, reserved 1089536K
  class space    used 5356K, committed 5504K, reserved 1048576K
}
Event: 6.801 GC heap after
{Heap after GC invocations=10 (full 0):
 garbage-first heap   total 68608K, used 28536K [0x0000000080000000, 0x0000000100000000)
  region size 1024K, 4 young (4096K), 4 survivors (4096K)
 Metaspace       used 40595K, committed 40896K, reserved 1089536K
  class space    used 5356K, committed 5504K, reserved 1048576K
}
Event: 7.232 GC heap before
{Heap before GC invocations=10 (full 0):
 garbage-first heap   total 68608K, used 54136K [0x0000000080000000, 0x0000000100000000)
  region size 1024K, 26 young (26624K), 4 survivors (4096K)
 Metaspace       used 43053K, committed 43456K, reserved 1089536K
  class space    used 5626K, committed 5760K, reserved 1048576K
}
Event: 7.237 GC heap after
{Heap after GC invocations=11 (full 0):
 garbage-first heap   total 68608K, used 30071K [0x0000000080000000, 0x0000000100000000)
  region size 1024K, 3 young (3072K), 3 survivors (3072K)
 Metaspace       used 43053K, committed 43456K, reserved 1089536K
  class space    used 5626K, committed 5760K, reserved 1048576K
}
Event: 7.784 GC heap before
{Heap before GC invocations=11 (full 0):
 garbage-first heap   total 68608K, used 51575K [0x0000000080000000, 0x0000000100000000)
  region size 1024K, 24 young (24576K), 3 survivors (3072K)
 Metaspace       used 45052K, committed 45440K, reserved 1089536K
  class space    used 5836K, committed 6016K, reserved 1048576K
}
Event: 7.807 GC heap after
{Heap after GC invocations=12 (full 0):
 garbage-first heap   total 83968K, used 31295K [0x0000000080000000, 0x0000000100000000)
  region size 1024K, 2 young (2048K), 2 survivors (2048K)
 Metaspace       used 45052K, committed 45440K, reserved 1089536K
  class space    used 5836K, committed 6016K, reserved 1048576K
}

